(1920, 1080)
Loading src/models/face_det_full_integer_quant_edgetpu.tflite for TensorFlow Lite Edge TPU inference...
[ultralytics.engine.results.Results object with attributes:

boxes: ultralytics.engine.results.Boxes object
keypoints: None
masks: None
names: {0: 'person', 1: 'head'}
obb: None
orig_img: array([[[151, 160, 175],
        [169, 178, 193],
        [153, 162, 177],
        ...,
        [234, 233, 238],
        [235, 234, 239],
        [234, 233, 238]],

       [[160, 178, 190],
        [157, 175, 187],
        [149, 167, 179],
        ...,
        [230, 229, 234],
        [237, 236, 241],
        [240, 239, 244]],

       [[158, 174, 190],
        [151, 167, 183],
        [159, 171, 187],
        ...,
        [244, 243, 248],
        [236, 235, 240],
        [211, 210, 215]],

       ...,

       [[154, 150, 149],
        [154, 150, 149],
        [153, 151, 152],
        ...,
        [ 15,  11,  10],
        [171, 142, 124],
        [219, 172, 144]],

       [[152, 148, 147],
        [153, 149, 148],
        [152, 148, 147],
        ...,
        [ 13,   9,   8],
        [ 24,  14,   8],
        [215, 171, 141]],

       [[152, 148, 147],
        [151, 147, 146],
        [152, 148, 147],
        ...,
        [ 11,   9,  10],
        [ 16,  13,  13],
        [192, 156, 131]]], dtype=uint8)
orig_shape: (96, 96)
path: 'image0.jpg'
probs: None
save_dir: None
speed: {'preprocess': 0.9739398956298828, 'inference': 16.071319580078125, 'postprocess': 2.0682811737060547}]
[ultralytics.engine.results.Results object with attributes:

boxes: ultralytics.engine.results.Boxes object
keypoints: None
masks: None
names: {0: 'person', 1: 'head'}
obb: None
orig_img: array([[[145, 158, 174],
        [163, 176, 192],
        [151, 163, 179],
        ...,
        [237, 237, 239],
        [235, 235, 237],
        [234, 234, 236]],

       [[166, 179, 195],
        [162, 175, 191],
        [155, 164, 181],
        ...,
        [233, 233, 235],
        [236, 236, 238],
        [239, 239, 241]],

       [[160, 173, 189],
        [161, 174, 190],
        [155, 168, 184],
        ...,
        [243, 243, 245],
        [241, 241, 243],
        [215, 215, 217]],

       ...,

       [[151, 150, 148],
        [151, 150, 148],
        [150, 150, 148],
        ...,
        [ 16,  12,  11],
        [165, 136, 118],
        [213, 172, 140]],

       [[151, 150, 145],
        [151, 150, 145],
        [152, 147, 144],
        ...,
        [ 11,  10,   8],
        [ 26,  16,  11],
        [216, 173, 147]],

       [[151, 150, 145],
        [149, 148, 143],
        [149, 150, 144],
        ...,
        [ 10,  10,  10],
        [  8,   5,   6],
        [201, 166, 145]]], dtype=uint8)
orig_shape: (96, 96)
path: 'image0.jpg'
probs: None
save_dir: None
speed: {'preprocess': 0.3941059112548828, 'inference': 4.796504974365234, 'postprocess': 1.0247230529785156}]
[ultralytics.engine.results.Results object with attributes:

boxes: ultralytics.engine.results.Boxes object
keypoints: None
masks: None
names: {0: 'person', 1: 'head'}
obb: None
orig_img: array([[[144, 156, 172],
        [166, 178, 194],
        [159, 167, 180],
        ...,
        [236, 236, 238],
        [235, 235, 237],
        [236, 236, 238]],

       [[160, 179, 193],
        [156, 175, 189],
        [153, 169, 185],
        ...,
        [236, 236, 238],
        [236, 236, 238],
        [234, 234, 236]],

       [[157, 175, 189],
        [153, 171, 185],
        [154, 172, 186],
        ...,
        [242, 242, 244],
        [235, 235, 237],
        [210, 210, 212]],

       ...,

       [[152, 151, 149],
        [151, 150, 148],
        [150, 150, 148],
        ...,
        [ 12,  11,   9],
        [167, 139, 122],
        [213, 167, 141]],

       [[151, 150, 148],
        [150, 149, 147],
        [147, 155, 144],
        ...,
        [ 11,   9,  12],
        [ 28,  18,   9],
        [214, 171, 147]],

       [[151, 150, 148],
        [150, 149, 147],
        [148, 150, 147],
        ...,
        [ 10,  10,  10],
        [  9,   6,  10],
        [202, 167, 144]]], dtype=uint8)
orig_shape: (96, 96)
path: 'image0.jpg'
probs: None
save_dir: None
speed: {'preprocess': 0.3943443298339844, 'inference': 7.140636444091797, 'postprocess': 1.0247230529785156}]
[ultralytics.engine.results.Results object with attributes:

boxes: ultralytics.engine.results.Boxes object
keypoints: None
masks: None
names: {0: 'person', 1: 'head'}
obb: None
orig_img: array([[[147, 154, 172],
        [166, 173, 191],
        [156, 165, 180],
        ...,
        [234, 234, 236],
        [234, 234, 236],
        [238, 238, 240]],

       [[162, 178, 193],
        [157, 173, 188],
        [148, 167, 178],
        ...,
        [234, 234, 236],
        [236, 236, 238],
        [237, 237, 239]],

       [[160, 178, 192],
        [156, 174, 188],
        [160, 173, 189],
        ...,
        [232, 232, 234],
        [235, 235, 237],
        [216, 216, 218]],

       ...,

       [[150, 150, 148],
        [150, 150, 148],
        [153, 149, 148],
        ...,
        [ 14,  13,  11],
        [170, 143, 124],
        [219, 172, 144]],

       [[150, 150, 148],
        [150, 150, 148],
        [152, 149, 142],
        ...,
        [ 13,   9,  10],
        [ 20,   8,   4],
        [202, 165, 137]],

       [[148, 148, 146],
        [148, 148, 146],
        [149, 151, 148],
        ...,
        [ 11,   9,  10],
        [ 15,  10,  10],
        [190, 160, 135]]], dtype=uint8)
orig_shape: (96, 96)
path: 'image0.jpg'
probs: None
save_dir: None
speed: {'preprocess': 0.3466606140136719, 'inference': 4.291534423828125, 'postprocess': 1.0266304016113281}]
[ultralytics.engine.results.Results object with attributes:

boxes: ultralytics.engine.results.Boxes object
keypoints: None
masks: None
names: {0: 'person', 1: 'head'}
obb: None
orig_img: array([[[145, 157, 173],
        [163, 175, 191],
        [153, 165, 179],
        ...,
        [237, 237, 239],
        [235, 235, 237],
        [236, 236, 238]],

       [[161, 180, 194],
        [158, 177, 191],
        [145, 165, 175],
        ...,
        [233, 233, 235],
        [236, 236, 238],
        [237, 237, 239]],

       [[157, 175, 189],
        [153, 171, 185],
        [147, 165, 179],
        ...,
        [243, 243, 245],
        [237, 238, 240],
        [211, 212, 214]],

       ...,

       [[152, 152, 150],
        [150, 150, 148],
        [149, 151, 146],
        ...,
        [ 14,  12,  15],
        [168, 144, 120],
        [216, 173, 142]],

       [[150, 151, 145],
        [149, 150, 144],
        [153, 148, 142],
        ...,
        [ 11,   9,  12],
        [ 24,  14,   5],
        [225, 182, 157]],

       [[150, 151, 145],
        [149, 150, 144],
        [150, 150, 148],
        ...,
        [ 10,  10,  10],
        [ 16,  12,  17],
        [197, 161, 139]]], dtype=uint8)
orig_shape: (96, 96)
path: 'image0.jpg'
probs: None
save_dir: None
speed: {'preprocess': 0.3142356872558594, 'inference': 7.550954818725586, 'postprocess': 1.0099411010742188}]
[ultralytics.engine.results.Results object with attributes:

boxes: ultralytics.engine.results.Boxes object
keypoints: None
masks: None
names: {0: 'person', 1: 'head'}
obb: None
orig_img: array([[[144, 160, 173],
        [166, 180, 193],
        [169, 181, 193],
        ...,
        [234, 233, 238],
        [234, 234, 235],
        [234, 233, 241]],

       [[162, 171, 186],
        [155, 170, 183],
        [149, 163, 174],
        ...,
        [237, 236, 241],
        [238, 238, 238],
        [236, 235, 243]],

       [[154, 175, 192],
        [154, 173, 184],
        [151, 169, 181],
        ...,
        [234, 234, 236],
        [238, 238, 236],
        [215, 215, 215]],

       ...,

       [[153, 152, 148],
        [153, 152, 148],
        [152, 153, 148],
        ...,
        [ 16,  10,  12],
        [161, 138, 113],
        [215, 172, 140]],

       [[152, 151, 149],
        [151, 150, 145],
        [151, 150, 145],
        ...,
        [ 14,  10,  11],
        [ 18,   6,   3],
        [203, 164, 132]],

       [[151, 150, 145],
        [150, 149, 145],
        [151, 150, 146],
        ...,
        [ 14,  10,  11],
        [ 13,  10,  12],
        [189, 157, 135]]], dtype=uint8)
orig_shape: (96, 96)
path: 'image0.jpg'
probs: None
save_dir: None
speed: {'preprocess': 0.30922889709472656, 'inference': 4.252195358276367, 'postprocess': 1.0590553283691406}]
[ultralytics.engine.results.Results object with attributes:

boxes: ultralytics.engine.results.Boxes object
keypoints: None
masks: None
names: {0: 'person', 1: 'head'}
obb: None
orig_img: array([[[148, 160, 174],
        [166, 178, 192],
        [157, 171, 182],
        ...,
        [235, 234, 239],
        [233, 232, 237],
        [233, 232, 237]],

       [[159, 173, 186],
        [158, 172, 185],
        [144, 161, 171],
        ...,
        [232, 231, 236],
        [236, 235, 240],
        [239, 238, 243]],

       [[162, 179, 189],
        [156, 173, 183],
        [154, 170, 183],
        ...,
        [236, 235, 240],
        [242, 242, 243],
        [220, 220, 220]],

       ...,

       [[151, 152, 147],
        [152, 153, 148],
        [152, 152, 150],
        ...,
        [ 14,  10,   9],
        [170, 141, 123],
        [213, 169, 142]],

       [[152, 151, 146],
        [151, 150, 145],
        [152, 152, 144],
        ...,
        [ 12,  10,  11],
        [ 20,  10,   3],
        [210, 169, 138]],

       [[152, 151, 146],
        [151, 150, 145],
        [148, 151, 144],
        ...,
        [ 14,  10,   9],
        [ 13,  13,  12],
        [186, 155, 133]]], dtype=uint8)
orig_shape: (96, 96)
path: 'image0.jpg'
probs: None
save_dir: None
speed: {'preprocess': 0.3247261047363281, 'inference': 4.370689392089844, 'postprocess': 0.9818077087402344}]
[ultralytics.engine.results.Results object with attributes:

boxes: ultralytics.engine.results.Boxes object
keypoints: None
masks: None
names: {0: 'person', 1: 'head'}
obb: None
orig_img: array([[[148, 162, 173],
        [161, 175, 186],
        [155, 169, 178],
        ...,
        [236, 235, 238],
        [233, 233, 235],
        [234, 233, 239]],

       [[159, 175, 188],
        [156, 172, 185],
        [145, 161, 176],
        ...,
        [234, 234, 236],
        [237, 237, 239],
        [238, 237, 243]],

       [[167, 181, 194],
        [161, 171, 186],
        [151, 170, 184],
        ...,
        [237, 236, 241],
        [241, 241, 243],
        [209, 209, 211]],

       ...,

       [[152, 151, 147],
        [152, 151, 147],
        [151, 151, 151],
        ...,
        [ 15,  11,  12],
        [168, 142, 119],
        [216, 172, 143]],

       [[150, 151, 146],
        [151, 152, 147],
        [150, 153, 142],
        ...,
        [ 11,  10,   8],
        [ 22,   8,   8],
        [202, 162, 133]],

       [[150, 151, 146],
        [151, 152, 147],
        [148, 151, 144],
        ...,
        [ 11,  10,   8],
        [  9,   5,  10],
        [186, 156, 126]]], dtype=uint8)
orig_shape: (96, 96)
path: 'image0.jpg'
probs: None
save_dir: None
speed: {'preprocess': 0.3192424774169922, 'inference': 4.228353500366211, 'postprocess': 1.058816909790039}]
[ultralytics.engine.results.Results object with attributes:

boxes: ultralytics.engine.results.Boxes object
keypoints: None
masks: None
names: {0: 'person', 1: 'head'}
obb: None
orig_img: array([[[145, 157, 169],
        [169, 181, 193],
        [158, 170, 182],
        ...,
        [236, 235, 240],
        [234, 233, 238],
        [235, 234, 239]],

       [[160, 174, 185],
        [158, 172, 183],
        [154, 168, 181],
        ...,
        [231, 230, 235],
        [237, 236, 241],
        [239, 238, 243]],

       [[165, 181, 194],
        [155, 172, 186],
        [151, 167, 180],
        ...,
        [232, 231, 236],
        [240, 238, 240],
        [214, 212, 213]],

       ...,

       [[152, 151, 147],
        [154, 153, 149],
        [151, 152, 146],
        ...,
        [ 13,  11,  12],
        [147, 125, 104],
        [216, 171, 140]],

       [[151, 150, 148],
        [151, 150, 148],
        [149, 151, 150],
        ...,
        [ 11,   9,  10],
        [ 18,   7,   4],
        [210, 173, 138]],

       [[151, 150, 145],
        [150, 149, 144],
        [149, 150, 144],
        ...,
        [ 11,   9,  10],
        [ 11,   7,  12],
        [191, 154, 128]]], dtype=uint8)
orig_shape: (96, 96)
path: 'image0.jpg'
probs: None
save_dir: None
speed: {'preprocess': 0.32210350036621094, 'inference': 4.307746887207031, 'postprocess': 1.0180473327636719}]
[ultralytics.engine.results.Results object with attributes:

boxes: ultralytics.engine.results.Boxes object
keypoints: None
masks: None
names: {0: 'person', 1: 'head'}
obb: None
orig_img: array([[[145, 159, 170],
        [167, 181, 194],
        [160, 174, 185],
        ...,
        [236, 236, 238],
        [234, 234, 235],
        [235, 234, 239]],

       [[157, 172, 191],
        [153, 169, 183],
        [149, 166, 176],
        ...,
        [232, 231, 236],
        [237, 236, 241],
        [238, 237, 245]],

       [[158, 180, 194],
        [156, 174, 187],
        [157, 174, 184],
        ...,
        [235, 235, 237],
        [243, 239, 240],
        [215, 213, 214]],

       ...,

       [[152, 153, 148],
        [151, 151, 150],
        [150, 151, 155],
        ...,
        [ 13,  12,  10],
        [150, 124, 102],
        [209, 166, 134]],

       [[150, 151, 146],
        [150, 150, 149],
        [154, 150, 151],
        ...,
        [ 11,   9,  12],
        [ 21,   8,   5],
        [211, 167, 137]],

       [[149, 150, 142],
        [150, 151, 146],
        [150, 152, 151],
        ...,
        [ 11,   9,  10],
        [ 12,  10,  10],
        [194, 162, 133]]], dtype=uint8)
orig_shape: (96, 96)
path: 'image0.jpg'
probs: None
save_dir: None
speed: {'preprocess': 0.3275871276855469, 'inference': 4.193544387817383, 'postprocess': 0.995635986328125}]
